<?xml version="1.0" encoding="UTF-8"?>
<testsuite xmlns:xsi="http://www.w3.org/2001/XMLSchema-instance" xsi:noNamespaceSchemaLocation="https://maven.apache.org/surefire/maven-surefire-plugin/xsd/surefire-test-report-3.0.xsd" version="3.0" name="com.histdata.etl.model.XbondTradeRecordTest" time="0.0" tests="7" errors="0" skipped="0" failures="0">
  <properties>
[...]
</properties>
  <testcase name="testLastTradeYieldTypeValidation" classname="com.histdata.etl.model.XbondTradeRecordTest" time="0.0"/>
  <testcase name="testReceiveTimeRequired" classname="com.histdata.etl.model.XbondTradeRecordTest" time="0.0"/>
  <testcase name="testLastTradePriceNonNegativeValidation" classname="com.histdata.etl.model.XbondTradeRecordTest" time="0.0"/>
  <testcase name="testSettleSpeedValidation" classname="com.histdata.etl.model.XbondTradeRecordTest" time="0.0"/>
  <testcase name="testRequiredFields" classname="com.histdata.etl.model.XbondTradeRecordTest" time="0.0"/>
  <testcase name="testLastTradeSideValidation" classname="com.histdata.etl.model.XbondTradeRecordTest" time="0.0"/>
  <testcase name="testLastTradeVolumePositiveValidation" classname="com.histdata.etl.model.XbondTradeRecordTest" time="0.0"/>
</testsuite>